<?xml version="1.0" encoding="UTF-8"?>
<!-- Generated by org.testng.reporters.JUnitReportReporter -->
<testsuite hostname="root328" failures="0" tests="1" name="tests.ElasticSI_Project" time="1.991" errors="0" timestamp="2022-09-06T15:38:33 IST" skipped="0">
  <testcase classname="tests.ElasticSI_Project" name="getExtension" time="1.991"/>
  <system-out/>
</testsuite> <!-- tests.ElasticSI_Project -->
